<?xml version="1.0" encoding="UTF-8"?>
<!-- Generated by org.testng.reporters.JUnitReportReporter -->
<testsuite hostname="Ahmed-Wageeh" failures="0" tests="1" name="SelenuimTask.VoisKsrtcTask.Test" time="29.817" errors="0" timestamp="2022-10-14T23:26:48 EET" skipped="0">
  <testcase classname="SelenuimTask.VoisKsrtcTask.Test" name="Search_for_Bus" time="29.817"/>
  <system-out/>
</testsuite> <!-- SelenuimTask.VoisKsrtcTask.Test -->
